app/build/intermediates/manifest_merge_blame_file/debug/manifest-merger-blame-debug-report.txt
1<?xml version="1.0" encoding="utf-8"?>
2<manifest xmlns:android="http://schemas.android.com/apk/res/android"
3    package="com.example.tvlauncher"
4    android:versionCode="1"
5    android:versionName="1.0" >
6
7    <uses-sdk
8        android:minSdkVersion="21"
9        android:targetSdkVersion="34" />
10
11    <uses-permission android:name="android.permission.QUERY_ALL_PACKAGES" />
11-->src\main\AndroidManifest.xml:4:5-77
11-->src\main\AndroidManifest.xml:4:22-74
12
13    <uses-feature
13-->src\main\AndroidManifest.xml:6:5-8:36
14        android:name="android.hardware.touchscreen"
14-->src\main\AndroidManifest.xml:7:9-52
15        android:required="false" />
15-->src\main\AndroidManifest.xml:8:9-33
16    <uses-feature
16-->src\main\AndroidManifest.xml:9:5-11:36
17        android:name="android.software.leanback"
17-->src\main\AndroidManifest.xml:10:9-49
18        android:required="false" />
18-->src\main\AndroidManifest.xml:11:9-33
19
20    <permission
20-->[androidx.core:core:1.9.0] AndroidManifest.xml:22:5-24:47
21        android:name="com.example.tvlauncher.DYNAMIC_RECEIVER_NOT_EXPORTED_PERMISSION"
21-->[androidx.core:core:1.9.0] AndroidManifest.xml:23:9-81
22        android:protectionLevel="signature" />
22-->[androidx.core:core:1.9.0] AndroidManifest.xml:24:9-44
23
24    <uses-permission android:name="com.example.tvlauncher.DYNAMIC_RECEIVER_NOT_EXPORTED_PERMISSION" />
24-->[androidx.core:core:1.9.0] AndroidManifest.xml:26:5-97
24-->[androidx.core:core:1.9.0] AndroidManifest.xml:26:22-94
25
26    <application
26-->src\main\AndroidManifest.xml:13:5-38:19
27        android:allowBackup="true"
27-->src\main\AndroidManifest.xml:14:9-35
28        android:appComponentFactory="androidx.core.app.CoreComponentFactory"
28-->[androidx.core:core:1.9.0] AndroidManifest.xml:28:18-86
29        android:debuggable="true"
30        android:extractNativeLibs="true"
31        android:icon="@drawable/ic_launcher_foreground"
31-->src\main\AndroidManifest.xml:15:9-56
32        android:label="@string/app_name"
32-->src\main\AndroidManifest.xml:16:9-41
33        android:testOnly="true"
34        android:theme="@style/Theme.TVLauncher"
34-->src\main\AndroidManifest.xml:17:9-48
35        android:usesCleartextTraffic="true" >
35-->src\main\AndroidManifest.xml:18:9-44
36        <activity
36-->src\main\AndroidManifest.xml:20:9-30:20
37            android:name="com.example.tvlauncher.MainActivity"
37-->src\main\AndroidManifest.xml:21:13-41
38            android:configChanges="orientation|screenSize"
38-->src\main\AndroidManifest.xml:24:13-59
39            android:exported="true"
39-->src\main\AndroidManifest.xml:22:13-36
40            android:screenOrientation="landscape" >
40-->src\main\AndroidManifest.xml:23:13-50
41            <intent-filter>
41-->src\main\AndroidManifest.xml:25:13-29:29
42                <action android:name="android.intent.action.MAIN" />
42-->src\main\AndroidManifest.xml:26:17-69
42-->src\main\AndroidManifest.xml:26:25-66
43
44                <category android:name="android.intent.category.LAUNCHER" />
44-->src\main\AndroidManifest.xml:27:17-77
44-->src\main\AndroidManifest.xml:27:27-74
45                <category android:name="android.intent.category.LEANBACK_LAUNCHER" />
45-->src\main\AndroidManifest.xml:28:17-86
45-->src\main\AndroidManifest.xml:28:27-83
46            </intent-filter>
47        </activity>
48        <activity
48-->src\main\AndroidManifest.xml:32:9-36:62
49            android:name="com.example.tvlauncher.AllAppsActivity"
49-->src\main\AndroidManifest.xml:33:13-44
50            android:configChanges="orientation|screenSize"
50-->src\main\AndroidManifest.xml:36:13-59
51            android:exported="false"
51-->src\main\AndroidManifest.xml:34:13-37
52            android:screenOrientation="landscape" />
52-->src\main\AndroidManifest.xml:35:13-50
53
54        <provider
54-->[androidx.emoji2:emoji2:1.2.0] AndroidManifest.xml:24:9-32:20
55            android:name="androidx.startup.InitializationProvider"
55-->[androidx.emoji2:emoji2:1.2.0] AndroidManifest.xml:25:13-67
56            android:authorities="com.example.tvlauncher.androidx-startup"
56-->[androidx.emoji2:emoji2:1.2.0] AndroidManifest.xml:26:13-68
57            android:exported="false" >
57-->[androidx.emoji2:emoji2:1.2.0] AndroidManifest.xml:27:13-37
58            <meta-data
58-->[androidx.emoji2:emoji2:1.2.0] AndroidManifest.xml:29:13-31:52
59                android:name="androidx.emoji2.text.EmojiCompatInitializer"
59-->[androidx.emoji2:emoji2:1.2.0] AndroidManifest.xml:30:17-75
60                android:value="androidx.startup" />
60-->[androidx.emoji2:emoji2:1.2.0] AndroidManifest.xml:31:17-49
61            <meta-data
61-->[androidx.lifecycle:lifecycle-process:2.4.1] AndroidManifest.xml:31:13-33:52
62                android:name="androidx.lifecycle.ProcessLifecycleInitializer"
62-->[androidx.lifecycle:lifecycle-process:2.4.1] AndroidManifest.xml:32:17-78
63                android:value="androidx.startup" />
63-->[androidx.lifecycle:lifecycle-process:2.4.1] AndroidManifest.xml:33:17-49
64        </provider>
65    </application>
66
67</manifest>